2015-04-24 11:33:42,126 INFO  Config:40 - Configuration file loaded 
2015-04-24 11:33:42,126 INFO  Config:77 - Displaying configuration: 
2015-04-24 11:33:42,127 INFO  Config:83 - postgresql.database : stacksync 
2015-04-24 11:33:42,127 INFO  Config:83 - omq.port : 5672 
2015-04-24 11:33:42,127 INFO  Config:83 - omq.num_threads : 1 
2015-04-24 11:33:42,127 INFO  Config:83 - omq.host : 10.30.102.242 
2015-04-24 11:33:42,128 INFO  Config:83 - swift.keystone_protocol : http 
2015-04-24 11:33:42,128 INFO  Config:83 - swift.user : stacksync_admin 
2015-04-24 11:33:42,128 INFO  Config:83 - postgresql.user : stacksync_user 
2015-04-24 11:33:42,128 INFO  Config:83 - datasource : infinispan 
2015-04-24 11:33:42,128 INFO  Config:83 - swift.tenant : stacksync 
2015-04-24 11:33:42,128 INFO  Config:83 - omq.rpc_exchange : rpc_global_exchange 
2015-04-24 11:33:42,129 INFO  Config:83 - swift.keystone_port : 5000 
2015-04-24 11:33:42,129 INFO  Config:83 - swift.keystone_admin_port : 35357 
2015-04-24 11:33:42,129 INFO  Config:83 - postgresql.port : 5432 
2015-04-24 11:33:42,131 INFO  Config:83 - swift.keystone_host : 10.30.233.214 
2015-04-24 11:33:42,131 INFO  Config:83 - swift.host : 10.30.233.214 
2015-04-24 11:33:42,131 INFO  Config:83 - postgresql.host : localhost 
2015-04-24 11:33:42,131 INFO  Config:83 - omq.username : guest 
2015-04-24 11:33:42,560 INFO  JGroupsTransport:189 - ISPN000078: Starting JGroups channel ISPN 
2015-04-24 11:33:42,560 INFO  JGroupsTransport:412 - ISPN000088: Unable to use any JGroups configuration mechanisms provided in properties {}. Using default JGroups configuration! 
2015-04-24 11:33:42,723 WARN  Configurator:1140 - JGRP000014: Discovery.timeout has been deprecated: GMS.join_timeout should be used instead 
2015-04-24 11:33:42,723 WARN  Configurator:1140 - JGRP000014: Discovery.num_initial_members has been deprecated: will be ignored 
2015-04-24 11:33:42,877 WARN  UDP:536 - JGRP000015: the send buffer of socket DatagramSocket was set to 640KB, but the OS only allocated 131.07KB. This might lead to performance problems. Please set your max send buffer in the OS correctly (e.g. net.core.wmem_max on Linux) 
2015-04-24 11:33:42,878 WARN  UDP:548 - JGRP000015: the receive buffer of socket DatagramSocket was set to 20MB, but the OS only allocated 131.07KB. This might lead to performance problems. Please set your max receive buffer in the OS correctly (e.g. net.core.rmem_max on Linux) 
2015-04-24 11:33:42,878 WARN  UDP:536 - JGRP000015: the send buffer of socket MulticastSocket was set to 640KB, but the OS only allocated 131.07KB. This might lead to performance problems. Please set your max send buffer in the OS correctly (e.g. net.core.wmem_max on Linux) 
2015-04-24 11:33:42,879 WARN  UDP:548 - JGRP000015: the receive buffer of socket MulticastSocket was set to 25MB, but the OS only allocated 131.07KB. This might lead to performance problems. Please set your max receive buffer in the OS correctly (e.g. net.core.rmem_max on Linux) 
2015-04-24 11:33:45,903 INFO  JGroupsTransport:682 - ISPN000094: Received new cluster view for channel ISPN: [ast11-62978|0] (1) [ast11-62978] 
2015-04-24 11:33:45,907 INFO  JGroupsTransport:227 - ISPN000079: Channel ISPN local address is ast11-62978, physical addresses are [10.30.103.145:44009] 
2015-04-24 11:33:45,912 INFO  GlobalComponentRegistry:224 - ISPN000128: Infinispan version: Infinispan 'Guinness' 7.0.1-SNAPSHOT 
2015-04-24 11:33:46,325 INFO  AServerDummy:54 - serverDummy2_doCommit_start,commitID=9436f5e1-e9ad-4cfc-835b-44f09ba6ba57 
2015-04-24 11:33:46,325 INFO  AServerDummy:54 - serverDummy2_doCommit_start,commitID=f08bbe3b-db1f-4e45-8b02-dcc6098b4da3 
2015-04-24 11:33:46,332 INFO  AServerDummy:120 - hander_doCommit_start,commitID=f08bbe3b-db1f-4e45-8b02-dcc6098b4da3 
2015-04-24 11:33:46,332 INFO  AServerDummy:120 - hander_doCommit_start,commitID=9436f5e1-e9ad-4cfc-835b-44f09ba6ba57 
2015-04-24 11:33:57,826 INFO  AServerDummy:122 - hander_doCommit_end,commitID=f08bbe3b-db1f-4e45-8b02-dcc6098b4da3 
2015-04-24 11:33:57,826 INFO  AServerDummy:65 - serverDummy2_doCommit_end,commitID=f08bbe3b-db1f-4e45-8b02-dcc6098b4da3 
2015-04-24 11:33:57,826 INFO  AServerDummy:54 - serverDummy2_doCommit_start,commitID=23b54f66-6f5e-4f31-a558-618e1f0e0bff 
2015-04-24 11:33:57,826 INFO  AServerDummy:120 - hander_doCommit_start,commitID=23b54f66-6f5e-4f31-a558-618e1f0e0bff 
2015-04-24 11:34:03,365 INFO  AServerDummy:122 - hander_doCommit_end,commitID=23b54f66-6f5e-4f31-a558-618e1f0e0bff 
2015-04-24 11:34:03,366 INFO  AServerDummy:65 - serverDummy2_doCommit_end,commitID=23b54f66-6f5e-4f31-a558-618e1f0e0bff 
2015-04-24 11:34:03,366 INFO  AServerDummy:54 - serverDummy2_doCommit_start,commitID=4563b077-dfe2-43f7-95ca-9af0e479f5c8 
2015-04-24 11:34:03,367 INFO  AServerDummy:120 - hander_doCommit_start,commitID=4563b077-dfe2-43f7-95ca-9af0e479f5c8 
